<?xml version="1.0" encoding="UTF-8"?>
<!-- Generated by org.testng.reporters.JUnitReportReporter -->
<testsuite hostname="DESKTOP-EFRDOCF" failures="0" tests="1" name="GrowTC.TC_02_VerifyLoginFunctionality" time="12.084" errors="0" timestamp="2022-08-09T16:00:48 IST" skipped="0">
  <testcase classname="GrowTC.TC_02_VerifyLoginFunctionality" name="verifyLoginFunctionality" time="12.084"/>
  <system-out/>
</testsuite> <!-- GrowTC.TC_02_VerifyLoginFunctionality -->
