<?xml version="1.0" encoding="UTF-8"?>
<!-- Generated by org.testng.reporters.JUnitReportReporter -->
<testsuite hostname="DESKTOP-EFRDOCF" failures="0" tests="1" name="GrowTC.TC_01_VerifyThatWebsiteShouldLunchProperly" time="5.512" errors="0" timestamp="2022-08-09T14:22:52 IST" skipped="0">
  <testcase classname="GrowTC.TC_01_VerifyThatWebsiteShouldLunchProperly" name="verifyThatWebsiteShouldLunchProperly" time="5.512"/>
  <system-out/>
</testsuite> <!-- GrowTC.TC_01_VerifyThatWebsiteShouldLunchProperly -->
